<?xml version="1.0" encoding="UTF-8"?>
<!-- Generated by org.testng.reporters.JUnitReportReporter -->
<testsuite hostname="DESKTOP-BUPOBA6" failures="0" tests="1" name="automationBoa.TestBoa" time="116.353" errors="0" timestamp="2024-09-23T04:58:02 VET" skipped="0">
  <testcase classname="automationBoa.TestBoa" name="test" time="116.353"/>
</testsuite> <!-- automationBoa.TestBoa -->
